16:59:37,838 (JavaFX Application Thread) DEBUG [DataNucleus.General] - Using PluginRegistry org.datanucleus.plugin.NonManagedPluginRegistry
16:59:37,872 (JavaFX Application Thread) DEBUG [DataNucleus.General] - Registering bundle org.datanucleus.api.jdo version 5.1.7 at URL file:////CODD.SIS.VIRTUAL.UNIANDES.EDU.CO/Estudiantes/Profiles/s.carrero/Desktop/SuperAndes/SuperAndes/lib/datanucleus-api-jdo-5.1.7.jar.
16:59:37,924 (JavaFX Application Thread) DEBUG [DataNucleus.General] - Leyendo extension-points y extensiones del archivo de plug-in jar:file://CODD.SIS.VIRTUAL.UNIANDES.EDU.CO/Estudiantes/Profiles/s.carrero/Desktop/SuperAndes/SuperAndes/lib/datanucleus-api-jdo-5.1.7.jar!/plugin.xml.
16:59:37,933 (JavaFX Application Thread) DEBUG [DataNucleus.General] - Registering bundle org.datanucleus version 5.1.10 at URL file:////CODD.SIS.VIRTUAL.UNIANDES.EDU.CO/Estudiantes/Profiles/s.carrero/Desktop/SuperAndes/SuperAndes/lib/datanucleus-core-5.1.10.jar.
16:59:37,936 (JavaFX Application Thread) DEBUG [DataNucleus.General] - Leyendo extension-points y extensiones del archivo de plug-in jar:file://CODD.SIS.VIRTUAL.UNIANDES.EDU.CO/Estudiantes/Profiles/s.carrero/Desktop/SuperAndes/SuperAndes/lib/datanucleus-core-5.1.10.jar!/plugin.xml.
16:59:37,957 (JavaFX Application Thread) DEBUG [DataNucleus.General] - Registering bundle org.datanucleus.store.rdbms version 5.1.10 at URL file:////CODD.SIS.VIRTUAL.UNIANDES.EDU.CO/Estudiantes/Profiles/s.carrero/Desktop/SuperAndes/SuperAndes/lib/datanucleus-rdbms-5.1.10.jar.
16:59:37,961 (JavaFX Application Thread) DEBUG [DataNucleus.General] - Leyendo extension-points y extensiones del archivo de plug-in jar:file://CODD.SIS.VIRTUAL.UNIANDES.EDU.CO/Estudiantes/Profiles/s.carrero/Desktop/SuperAndes/SuperAndes/lib/datanucleus-rdbms-5.1.10.jar!/plugin.xml.
16:59:38,004 (JavaFX Application Thread) DEBUG [DataNucleus.MetaData] - Analizando el MetaData "file://CODD.SIS.VIRTUAL.UNIANDES.EDU.CO/Estudiantes/Profiles/s.carrero/Desktop/SuperAndes/SuperAndes/build/classes/META-INF/persistence.xml" con handler "persistence" (validar="false")
16:59:38,034 (JavaFX Application Thread) DEBUG [DataNucleus.Persistence] - Tipos de Java inicializando ...
16:59:38,147 (JavaFX Application Thread) DEBUG [DataNucleus.Persistence] - Soporte para tipos de Java listo : tipos soportados = [B, [C, [D, [F, [I, [J, [Ljava.lang.Boolean;, [Ljava.lang.Byte;, [Ljava.lang.Character;, [Ljava.lang.Double;, [Ljava.lang.Enum;, [Ljava.lang.Float;, [Ljava.lang.Integer;, [Ljava.lang.Long;, [Ljava.lang.Number;, [Ljava.lang.Object;, [Ljava.lang.Short;, [Ljava.lang.String;, [Ljava.math.BigDecimal;, [Ljava.math.BigInteger;, [Ljava.util.Date;, [Ljava.util.Locale;, [S, [Z, boolean, byte, char, double, float, int, java.awt.Color, java.awt.image.BufferedImage, java.lang.Boolean, java.lang.Byte, java.lang.Character, java.lang.Class, java.lang.Double, java.lang.Enum, java.lang.Float, java.lang.Integer, java.lang.Long, java.lang.Number, java.lang.Short, java.lang.String, java.lang.StringBuffer, java.lang.StringBuilder, java.math.BigDecimal, java.math.BigInteger, java.net.URI, java.net.URL, java.sql.Date, java.sql.Time, java.sql.Timestamp, java.time.Duration, java.time.Instant, java.time.LocalDate, java.time.LocalDateTime, java.time.LocalTime, java.time.MonthDay, java.time.OffsetDateTime, java.time.OffsetTime, java.time.Period, java.time.Year, java.time.YearMonth, java.time.ZonedDateTime, java.time.ZoneId, java.time.ZoneOffset, java.util.ArrayList, java.util.Arrays$ArrayList, java.util.BitSet, java.util.Calendar, java.util.Collection, java.util.Currency, java.util.Date, java.util.GregorianCalendar, java.util.HashMap, java.util.HashSet, java.util.Hashtable, java.util.LinkedHashMap, java.util.LinkedHashSet, java.util.LinkedList, java.util.List, java.util.Locale, java.util.Map, java.util.Optional, java.util.PriorityQueue, java.util.Properties, java.util.Queue, java.util.Set, java.util.SortedMap, java.util.SortedSet, java.util.Stack, java.util.TimeZone, java.util.TreeMap, java.util.TreeSet, java.util.UUID, java.util.Vector, long, short
16:59:38,148 (JavaFX Application Thread) DEBUG [DataNucleus.Persistence] - Inicializando TypeConverters ...
16:59:38,230 (JavaFX Application Thread) DEBUG [DataNucleus.Persistence] - TypeConverters listo
16:59:38,231 (JavaFX Application Thread) DEBUG [DataNucleus.Persistence] - TypeConverter(s) available for byte[] to : java.nio.ByteBuffer
16:59:38,231 (JavaFX Application Thread) DEBUG [DataNucleus.Persistence] - TypeConverter(s) available for char[] to : java.nio.ByteBuffer
16:59:38,232 (JavaFX Application Thread) DEBUG [DataNucleus.Persistence] - TypeConverter(s) available for double[] to : java.nio.ByteBuffer
16:59:38,232 (JavaFX Application Thread) DEBUG [DataNucleus.Persistence] - TypeConverter(s) available for float[] to : java.nio.ByteBuffer
16:59:38,232 (JavaFX Application Thread) DEBUG [DataNucleus.Persistence] - TypeConverter(s) available for int[] to : java.nio.ByteBuffer
16:59:38,233 (JavaFX Application Thread) DEBUG [DataNucleus.Persistence] - TypeConverter(s) available for long[] to : java.nio.ByteBuffer
16:59:38,233 (JavaFX Application Thread) DEBUG [DataNucleus.Persistence] - TypeConverter(s) available for [Ljava.math.BigDecimal; to : java.nio.ByteBuffer
16:59:38,234 (JavaFX Application Thread) DEBUG [DataNucleus.Persistence] - TypeConverter(s) available for [Ljava.math.BigInteger; to : java.nio.ByteBuffer
16:59:38,234 (JavaFX Application Thread) DEBUG [DataNucleus.Persistence] - TypeConverter(s) available for short[] to : java.nio.ByteBuffer
16:59:38,235 (JavaFX Application Thread) DEBUG [DataNucleus.Persistence] - TypeConverter(s) available for boolean[] to : java.nio.ByteBuffer
16:59:38,235 (JavaFX Application Thread) DEBUG [DataNucleus.Persistence] - TypeConverter(s) available for java.awt.Color to : java.lang.String,int[]
16:59:38,236 (JavaFX Application Thread) DEBUG [DataNucleus.Persistence] - TypeConverter(s) available for java.awt.image.BufferedImage to : java.nio.ByteBuffer,byte[]
16:59:38,236 (JavaFX Application Thread) DEBUG [DataNucleus.Persistence] - TypeConverter(s) available for java.io.Serializable to : java.nio.ByteBuffer,java.lang.String,byte[]
16:59:38,237 (JavaFX Application Thread) DEBUG [DataNucleus.Persistence] - TypeConverter(s) available for java.lang.Boolean to : java.lang.Character,java.lang.Integer
16:59:38,237 (JavaFX Application Thread) DEBUG [DataNucleus.Persistence] - TypeConverter(s) available for java.lang.Character to : java.lang.String
16:59:38,238 (JavaFX Application Thread) DEBUG [DataNucleus.Persistence] - TypeConverter(s) available for java.lang.Class to : java.lang.String
16:59:38,238 (JavaFX Application Thread) DEBUG [DataNucleus.Persistence] - TypeConverter(s) available for java.lang.Integer to : java.lang.String
16:59:38,239 (JavaFX Application Thread) DEBUG [DataNucleus.Persistence] - TypeConverter(s) available for java.lang.Long to : java.lang.String
16:59:38,239 (JavaFX Application Thread) DEBUG [DataNucleus.Persistence] - TypeConverter(s) available for java.lang.StringBuffer to : java.lang.String
16:59:38,240 (JavaFX Application Thread) DEBUG [DataNucleus.Persistence] - TypeConverter(s) available for java.lang.StringBuilder to : java.lang.String
16:59:38,240 (JavaFX Application Thread) DEBUG [DataNucleus.Persistence] - TypeConverter(s) available for java.math.BigDecimal to : java.lang.String,java.lang.Double
16:59:38,240 (JavaFX Application Thread) DEBUG [DataNucleus.Persistence] - TypeConverter(s) available for java.math.BigInteger to : java.lang.Long,java.lang.String
16:59:38,241 (JavaFX Application Thread) DEBUG [DataNucleus.Persistence] - TypeConverter(s) available for java.net.URI to : java.lang.String
16:59:38,241 (JavaFX Application Thread) DEBUG [DataNucleus.Persistence] - TypeConverter(s) available for java.net.URL to : java.lang.String
16:59:38,242 (JavaFX Application Thread) DEBUG [DataNucleus.Persistence] - TypeConverter(s) available for java.sql.Date to : java.lang.Long,java.lang.String,java.util.Date
16:59:38,242 (JavaFX Application Thread) DEBUG [DataNucleus.Persistence] - TypeConverter(s) available for java.sql.Time to : java.lang.Long,java.lang.String,java.util.Date
16:59:38,243 (JavaFX Application Thread) DEBUG [DataNucleus.Persistence] - TypeConverter(s) available for java.sql.Timestamp to : java.lang.Long,java.util.Date,java.lang.String
16:59:38,243 (JavaFX Application Thread) DEBUG [DataNucleus.Persistence] - TypeConverter(s) available for java.time.Duration to : java.lang.Long,java.lang.String,java.lang.Double
16:59:38,244 (JavaFX Application Thread) DEBUG [DataNucleus.Persistence] - TypeConverter(s) available for java.time.Instant to : java.lang.Long,java.sql.Timestamp,java.util.Date,java.lang.String
16:59:38,244 (JavaFX Application Thread) DEBUG [DataNucleus.Persistence] - TypeConverter(s) available for java.time.LocalDate to : java.sql.Date,java.lang.String,java.util.Date
16:59:38,245 (JavaFX Application Thread) DEBUG [DataNucleus.Persistence] - TypeConverter(s) available for java.time.LocalDateTime to : java.sql.Timestamp,java.lang.String,java.util.Date
16:59:38,246 (JavaFX Application Thread) DEBUG [DataNucleus.Persistence] - TypeConverter(s) available for java.time.LocalTime to : java.sql.Time,java.lang.Long,java.lang.String,java.util.Date
16:59:38,246 (JavaFX Application Thread) DEBUG [DataNucleus.Persistence] - TypeConverter(s) available for java.time.MonthDay to : java.sql.Date,java.lang.String,java.util.Date,int[]
16:59:38,247 (JavaFX Application Thread) DEBUG [DataNucleus.Persistence] - TypeConverter(s) available for java.time.OffsetDateTime to : java.sql.Timestamp,java.lang.String,java.util.Date
16:59:38,247 (JavaFX Application Thread) DEBUG [DataNucleus.Persistence] - TypeConverter(s) available for java.time.OffsetTime to : java.sql.Time,java.lang.Long,java.lang.String
16:59:38,247 (JavaFX Application Thread) DEBUG [DataNucleus.Persistence] - TypeConverter(s) available for java.time.Period to : java.lang.String,int[]
16:59:38,248 (JavaFX Application Thread) DEBUG [DataNucleus.Persistence] - TypeConverter(s) available for java.time.Year to : java.lang.Integer,java.lang.String
16:59:38,248 (JavaFX Application Thread) DEBUG [DataNucleus.Persistence] - TypeConverter(s) available for java.time.YearMonth to : java.sql.Date,java.lang.String,java.util.Date,int[]
16:59:38,249 (JavaFX Application Thread) DEBUG [DataNucleus.Persistence] - TypeConverter(s) available for java.time.ZonedDateTime to : java.sql.Timestamp,java.lang.String
16:59:38,249 (JavaFX Application Thread) DEBUG [DataNucleus.Persistence] - TypeConverter(s) available for java.time.ZoneId to : java.lang.String
16:59:38,250 (JavaFX Application Thread) DEBUG [DataNucleus.Persistence] - TypeConverter(s) available for java.time.ZoneOffset to : java.lang.String
16:59:38,250 (JavaFX Application Thread) DEBUG [DataNucleus.Persistence] - TypeConverter(s) available for java.util.BitSet to : java.lang.String
16:59:38,251 (JavaFX Application Thread) DEBUG [DataNucleus.Persistence] - TypeConverter(s) available for java.util.Calendar to : [Ljava.lang.Object;,java.sql.Timestamp,java.lang.String,java.util.Date
16:59:38,251 (JavaFX Application Thread) DEBUG [DataNucleus.Persistence] - TypeConverter(s) available for java.util.Currency to : java.lang.String
16:59:38,251 (JavaFX Application Thread) DEBUG [DataNucleus.Persistence] - TypeConverter(s) available for java.util.Date to : java.lang.Long,java.lang.String
16:59:38,252 (JavaFX Application Thread) DEBUG [DataNucleus.Persistence] - TypeConverter(s) available for java.util.Locale to : java.lang.String
16:59:38,252 (JavaFX Application Thread) DEBUG [DataNucleus.Persistence] - TypeConverter(s) available for java.util.TimeZone to : java.lang.String
16:59:38,253 (JavaFX Application Thread) DEBUG [DataNucleus.Persistence] - TypeConverter(s) available for java.util.UUID to : java.lang.String
16:59:38,253 (JavaFX Application Thread) DEBUG [DataNucleus.MetaData] - MetaDataManager : Input=(XML,Annotations), XML-Validation=false, XML-Suffices=(persistence=*.jdo, orm=orm, query=*.jdoquery) mapping-name=oracle, JDO-listener=false
16:59:38,254 (JavaFX Application Thread) DEBUG [DataNucleus.MetaData] - MetaData Management : Carga de Metadata del persistence-unit "SuperAndes" ...
16:59:38,255 (JavaFX Application Thread) DEBUG [DataNucleus.MetaData] - MetaData Management : Carga de Metadata ya ha terminado
16:59:38,262 (JavaFX Application Thread) DEBUG [DataNucleus.Datastore] - Creating StoreManager for datastore
16:59:38,547 (JavaFX Application Thread) DEBUG [DataNucleus.Connection] - Creado ConnectionPool "tx" con data source de tipo dbcp2-builtin
16:59:38,547 (JavaFX Application Thread) DEBUG [DataNucleus.Connection] - Registrado la factoria de connecciones transaccionales bajo el nombre "rdbms/tx"
16:59:38,548 (JavaFX Application Thread) DEBUG [DataNucleus.Connection] - Registrado la factoria de connecciones nontransaccionales bajo el nombre "rdbms/nontx"
16:59:38,578 (JavaFX Application Thread) DEBUG [DataNucleus.Connection] - Creado ConnectionPool "nontx" con data source de tipo dbcp2-builtin
16:59:39,358 (JavaFX Application Thread) DEBUG [DataNucleus.Connection] - ManagedConnection ABIERTO : "org.datanucleus.store.rdbms.ConnectionFactoryImpl$ManagedConnectionImpl@6c98f962 [conn=null, commitOnRelease=true, closeOnRelease=true, closeOnTxnEnd=true]" en resource "nontx"
16:59:39,737 (JavaFX Application Thread) DEBUG [DataNucleus.Datastore] - No Soportando el tipo RDBMS de Java java.lang.Boolean, jdbc-type=BOOLEAN
16:59:39,738 (JavaFX Application Thread) DEBUG [DataNucleus.Datastore] - Soporte de RDBMS configurado para el tipo "[B" con jdbc-types=[BLOB, VARBINARY, LONGVARBINARY], sql-types=[BLOB, VARBINARY, LONGVARBINARY] y defecto (jdbc-type=BLOB, sql-type=BLOB)
16:59:39,739 (JavaFX Application Thread) DEBUG [DataNucleus.Datastore] - Soporte de RDBMS configurado para el tipo "java.io.File" con jdbc-types=[LONGVARBINARY], sql-types=[LONGVARBINARY] y defecto (jdbc-type=LONGVARBINARY, sql-type=LONGVARBINARY)
16:59:39,740 (JavaFX Application Thread) DEBUG [DataNucleus.Datastore] - Soporte de RDBMS configurado para el tipo "java.io.Serializable" con jdbc-types=[BLOB, VARBINARY, LONGVARBINARY], sql-types=[BLOB, VARBINARY, LONGVARBINARY] y defecto (jdbc-type=BLOB, sql-type=BLOB)
16:59:39,741 (JavaFX Application Thread) DEBUG [DataNucleus.Datastore] - Soporte de RDBMS configurado para el tipo "java.lang.Boolean" con jdbc-types=[NUMERIC, SMALLINT, CHAR, BIT, TINYINT], sql-types=[NUMERIC, SMALLINT, CHAR, BIT, TINYINT] y defecto (jdbc-type=NUMERIC, sql-type=NUMERIC)
16:59:39,742 (JavaFX Application Thread) DEBUG [DataNucleus.Datastore] - Soporte de RDBMS configurado para el tipo "java.lang.Byte" con jdbc-types=[NUMERIC, SMALLINT, TINYINT], sql-types=[NUMERIC, SMALLINT, TINYINT] y defecto (jdbc-type=NUMERIC, sql-type=NUMERIC)
16:59:39,743 (JavaFX Application Thread) DEBUG [DataNucleus.Datastore] - Soporte de RDBMS configurado para el tipo "java.lang.Character" con jdbc-types=[NUMERIC, CHAR, INTEGER], sql-types=[NUMERIC, CHAR, INTEGER] y defecto (jdbc-type=CHAR, sql-type=CHAR)
16:59:39,744 (JavaFX Application Thread) DEBUG [DataNucleus.Datastore] - Soporte de RDBMS configurado para el tipo "java.lang.Double" con jdbc-types=[FLOAT, NUMERIC, DECIMAL, DOUBLE], sql-types=[FLOAT, NUMBER, DECIMAL, DOUBLE] y defecto (jdbc-type=FLOAT, sql-type=FLOAT)
16:59:39,746 (JavaFX Application Thread) DEBUG [DataNucleus.Datastore] - Soporte de RDBMS configurado para el tipo "java.lang.Float" con jdbc-types=[FLOAT, NUMERIC, REAL, DECIMAL, DOUBLE], sql-types=[FLOAT, NUMBER, REAL, DECIMAL, DOUBLE] y defecto (jdbc-type=FLOAT, sql-type=FLOAT)
16:59:39,747 (JavaFX Application Thread) DEBUG [DataNucleus.Datastore] - Soporte de RDBMS configurado para el tipo "java.lang.Integer" con jdbc-types=[NUMERIC, SMALLINT, BIGINT, TINYINT, INTEGER], sql-types=[NUMERIC, NUMBER, SMALLINT, BIGINT, TINYINT, INTEGER] y defecto (jdbc-type=NUMERIC, sql-type=NUMERIC)
16:59:39,748 (JavaFX Application Thread) DEBUG [DataNucleus.Datastore] - Soporte de RDBMS configurado para el tipo "java.lang.Long" con jdbc-types=[NUMERIC, SMALLINT, BIGINT, TINYINT, INTEGER], sql-types=[NUMERIC, NUMBER, SMALLINT, BIGINT, INT, TINYINT] y defecto (jdbc-type=NUMERIC, sql-type=NUMERIC)
16:59:39,749 (JavaFX Application Thread) DEBUG [DataNucleus.Datastore] - Soporte de RDBMS configurado para el tipo "java.lang.Short" con jdbc-types=[NUMERIC, SMALLINT, TINYINT, INTEGER], sql-types=[NUMERIC, NUMBER, SMALLINT, TINYINT, INTEGER] y defecto (jdbc-type=NUMERIC, sql-type=NUMERIC)
16:59:39,750 (JavaFX Application Thread) DEBUG [DataNucleus.Datastore] - Soporte de RDBMS configurado para el tipo "java.lang.String" con jdbc-types=[XMLTYPE, BLOB, LONGVARCHAR, CLOB, VARCHAR, CHAR, BIGINT, NVARCHAR, NCHAR], sql-types=[NVARCHAR2, XMLTYPE, BLOB, LONGVARCHAR, CLOB, VARCHAR, CHAR, BIGINT, NVARCHAR, NCHAR] y defecto (jdbc-type=VARCHAR, sql-type=VARCHAR)
16:59:39,750 (JavaFX Application Thread) DEBUG [DataNucleus.Datastore] - Soporte de RDBMS configurado para el tipo "java.math.BigDecimal" con jdbc-types=[NUMERIC, DECIMAL], sql-types=[NUMERIC, NUMBER, DECIMAL] y defecto (jdbc-type=NUMERIC, sql-type=NUMERIC)
16:59:39,751 (JavaFX Application Thread) DEBUG [DataNucleus.Datastore] - Soporte de RDBMS configurado para el tipo "java.math.BigInteger" con jdbc-types=[NUMERIC], sql-types=[NUMERIC, NUMBER] y defecto (jdbc-type=NUMERIC, sql-type=NUMERIC)
16:59:39,752 (JavaFX Application Thread) DEBUG [DataNucleus.Datastore] - Soporte de RDBMS configurado para el tipo "java.sql.Date" con jdbc-types=[DATE, TIMESTAMP, VARCHAR, CHAR, BIGINT], sql-types=[DATE, TIMESTAMP, VARCHAR, CHAR, BIGINT] y defecto (jdbc-type=DATE, sql-type=DATE)
16:59:39,752 (JavaFX Application Thread) DEBUG [DataNucleus.Datastore] - Soporte de RDBMS configurado para el tipo "java.sql.Time" con jdbc-types=[TIMESTAMP, VARCHAR, CHAR, TIME, BIGINT], sql-types=[TIMESTAMP, VARCHAR, CHAR, TIME, BIGINT] y defecto (jdbc-type=TIME, sql-type=TIME)
16:59:39,753 (JavaFX Application Thread) DEBUG [DataNucleus.Datastore] - Soporte de RDBMS configurado para el tipo "java.sql.Timestamp" con jdbc-types=[DATE, TIMESTAMP, VARCHAR, CHAR, TIME], sql-types=[DATE, TIMESTAMP, VARCHAR, CHAR, TIME] y defecto (jdbc-type=TIMESTAMP, sql-type=TIMESTAMP)
16:59:39,753 (JavaFX Application Thread) DEBUG [DataNucleus.Datastore] - Soporte de RDBMS configurado para el tipo "java.util.Date" con jdbc-types=[DATE, TIMESTAMP, VARCHAR, CHAR, TIME, BIGINT], sql-types=[DATE, TIMESTAMP, VARCHAR, CHAR, TIME, BIGINT] y defecto (jdbc-type=TIMESTAMP, sql-type=TIMESTAMP)
16:59:39,754 (JavaFX Application Thread) DEBUG [DataNucleus.Datastore] - Soporte de RDBMS configurado para el tipo "org.datanucleus.identity.DatastoreId" con jdbc-types=[NUMERIC, VARCHAR, CHAR, BIGINT, INTEGER], sql-types=[NUMERIC, VARCHAR, CHAR, BIGINT, INTEGER] y defecto (jdbc-type=NUMERIC, sql-type=NUMERIC)
16:59:39,773 (JavaFX Application Thread) DEBUG [DataNucleus.Datastore] - ======================= Datastore =========================
16:59:39,773 (JavaFX Application Thread) DEBUG [DataNucleus.Datastore] - StoreManager : "rdbms" (org.datanucleus.store.rdbms.RDBMSStoreManager)
16:59:39,773 (JavaFX Application Thread) DEBUG [DataNucleus.Datastore] - Datastore : read-write
16:59:39,774 (JavaFX Application Thread) DEBUG [DataNucleus.Datastore] - Schema Control : AutoCreate(None), Validate(None)
16:59:39,774 (JavaFX Application Thread) DEBUG [DataNucleus.Datastore] - Schema : NamingFactory=datanucleus2 identifierCase=null
16:59:39,775 (JavaFX Application Thread) DEBUG [DataNucleus.Datastore] - Query Languages : JDOQL, JPQL, STOREDPROC, SQL
16:59:39,775 (JavaFX Application Thread) DEBUG [DataNucleus.Datastore] - Queries : Timeout=0
16:59:39,776 (JavaFX Application Thread) DEBUG [DataNucleus.Datastore] - ===========================================================
16:59:39,776 (JavaFX Application Thread) DEBUG [DataNucleus.Datastore] - Datastore Adapter : org.datanucleus.store.rdbms.adapter.OracleAdapter
16:59:39,777 (JavaFX Application Thread) DEBUG [DataNucleus.Datastore] - Datastore : name="Oracle" version="Oracle Database 12c Enterprise Edition Release 12.1.0.2.0 - 64bit Production
With the Partitioning, OLAP, Advanced Analytics and Real Application Testing options"
16:59:39,777 (JavaFX Application Thread) DEBUG [DataNucleus.Datastore] - Datastore Driver : name="Oracle JDBC driver" version="12.2.0.1.0"
16:59:39,778 (JavaFX Application Thread) DEBUG [DataNucleus.Datastore] - Primary Connection Factory : URL[jdbc:oracle:thin:@fn3.oracle.virtual.uniandes.edu.co:1521:prod]
16:59:39,778 (JavaFX Application Thread) DEBUG [DataNucleus.Datastore] - Secondary Connection Factory : URL[jdbc:oracle:thin:@fn3.oracle.virtual.uniandes.edu.co:1521:prod]
16:59:39,779 (JavaFX Application Thread) DEBUG [DataNucleus.Datastore] - Datastore Identifiers : factory="datanucleus2" case=UPPERCASE schema=ISIS2304B111820
16:59:39,779 (JavaFX Application Thread) DEBUG [DataNucleus.Datastore] - Supported Identifier Cases : "MixedCase" UPPERCASE "MixedCase-Sensitive" 
16:59:39,781 (JavaFX Application Thread) DEBUG [DataNucleus.Datastore] - Supported Identifier Lengths (max) : Table=30 Column=30 Constraint=30 Index=30 Delimiter="
16:59:39,781 (JavaFX Application Thread) DEBUG [DataNucleus.Datastore] - Support for Identifiers in DDL : catalog=false schema=true
16:59:39,781 (JavaFX Application Thread) DEBUG [DataNucleus.Datastore] - Datastore : checkTableViewExistence, rdbmsConstraintCreateMode=DataNucleus, initialiseColumnInfo=ALL
16:59:39,782 (JavaFX Application Thread) DEBUG [DataNucleus.Datastore] - Support Statement Batching : yes (max-batch-size=50)
16:59:39,783 (JavaFX Application Thread) DEBUG [DataNucleus.Datastore] - Queries : Results direction=forward, type=forward-only, concurrency=read-only
16:59:39,784 (JavaFX Application Thread) DEBUG [DataNucleus.Datastore] - Java-Types : string-default-length=255
16:59:39,785 (JavaFX Application Thread) DEBUG [DataNucleus.Datastore] - JDBC-Types : NCLOB, NCHAR, [id=2007], REF, CLOB, BLOB, ARRAY, STRUCT, DATE, TIME, TIMESTAMP, VARCHAR, LONGVARCHAR, VARBINARY, LONGVARBINARY, BIGINT, TINYINT, BIT, NVARCHAR, [id=-101], CHAR, [id=-103], NUMERIC, [id=-102], DECIMAL, INTEGER, SMALLINT, FLOAT, REAL, DOUBLE, [id=-104]
16:59:39,785 (JavaFX Application Thread) DEBUG [DataNucleus.Datastore] - ===========================================================
16:59:39,786 (JavaFX Application Thread) DEBUG [DataNucleus.Connection] - ManagedConnection CERRADO : "org.datanucleus.store.rdbms.ConnectionFactoryImpl$ManagedConnectionImpl@6c98f962 [conn=org.datanucleus.store.rdbms.datasource.dbcp2.PoolingDataSource$PoolGuardConnectionWrapper@423a5327, commitOnRelease=true, closeOnRelease=true, closeOnTxnEnd=true]" 
16:59:39,787 (JavaFX Application Thread) DEBUG [DataNucleus.Datastore] - StoreManager now created
16:59:39,794 (JavaFX Application Thread) DEBUG [DataNucleus.Persistence] - Started pool of ExecutionContext (maxPool=20, reaperThread=false)
16:59:39,809 (JavaFX Application Thread) DEBUG [DataNucleus.Persistence] - ================= NucleusContext ===============
16:59:39,809 (JavaFX Application Thread) DEBUG [DataNucleus.Persistence] - DataNucleus Context : Versión: "5.1.10" con JRE "1.8.0_181" en "Windows 7"
16:59:39,810 (JavaFX Application Thread) DEBUG [DataNucleus.Persistence] - Persistence API : JDO
16:59:39,810 (JavaFX Application Thread) DEBUG [DataNucleus.Persistence] - Persistence-Unit : SuperAndes
16:59:39,810 (JavaFX Application Thread) DEBUG [DataNucleus.Persistence] - Plugin Registry : org.datanucleus.plugin.NonManagedPluginRegistry
16:59:39,811 (JavaFX Application Thread) DEBUG [DataNucleus.Persistence] - ClassLoading : default
16:59:39,811 (JavaFX Application Thread) DEBUG [DataNucleus.Persistence] - Persistence : pm-singlethreaded, nontransactional-read, nontransactional-write, reachability-at-commit, copy-on-attach, managed-relations(checked), deletion-policy=JDO2, serverTimeZone=America/Bogota
16:59:39,812 (JavaFX Application Thread) DEBUG [DataNucleus.Persistence] - Transactions : type=RESOURCE_LOCAL, mode=datastore, isolation=read-committed
16:59:39,812 (JavaFX Application Thread) DEBUG [DataNucleus.Persistence] - ValueGeneration : txn-isolation=read-committed connection=New
16:59:39,813 (JavaFX Application Thread) DEBUG [DataNucleus.Persistence] - Cache : Level1 (soft), Level2 (soft, mode=UNSPECIFIED), QueryResults (soft), Collections/Maps 
16:59:39,813 (JavaFX Application Thread) DEBUG [DataNucleus.Persistence] - ================================================
16:59:40,823 (JavaFX Application Thread) DEBUG [DataNucleus.Persistence] - ExecutionContext "org.datanucleus.ExecutionContextImpl@2ffc18a2" se abrió para la base de datos "org.datanucleus.store.rdbms.RDBMSStoreManager@34b36e45" con transaccion="org.datanucleus.TransactionImpl@4daff4e"
16:59:40,921 (JavaFX Application Thread) DEBUG [DataNucleus.Query] - Query de SQL : "SELECT * FROM PROVEEDOR"
16:59:40,951 (JavaFX Application Thread) DEBUG [DataNucleus.Connection] - ManagedConnection ABIERTO : "org.datanucleus.store.rdbms.ConnectionFactoryImpl$ManagedConnectionImpl@2bece79e [conn=org.datanucleus.store.rdbms.datasource.dbcp2.PoolingDataSource$PoolGuardConnectionWrapper@7c39de5f, commitOnRelease=true, closeOnRelease=true, closeOnTxnEnd=true]" en resource "nontx" con isolación "read-committed" y auto-commit=false
16:59:41,070 (JavaFX Application Thread) DEBUG [DataNucleus.Datastore] - Utilizando PreparedStatement "oracle.jdbc.driver.OraclePreparedStatementWrapper@1271292b" para la conneccion "org.datanucleus.store.rdbms.datasource.dbcp2.PoolingDataSource$PoolGuardConnectionWrapper@7c39de5f"
16:59:41,074 (JavaFX Application Thread) DEBUG [DataNucleus.Datastore.Native] - SELECT * FROM PROVEEDOR
16:59:41,077 (JavaFX Application Thread) DEBUG [DataNucleus.Datastore.Retrieve] - SQL Tiempo de cumplir = 3 ms
16:59:41,097 (JavaFX Application Thread) DEBUG [DataNucleus.Connection] - ManagedConnection VA A COMMIT : "org.datanucleus.store.rdbms.ConnectionFactoryImpl$ManagedConnectionImpl@2bece79e [conn=org.datanucleus.store.rdbms.datasource.dbcp2.PoolingDataSource$PoolGuardConnectionWrapper@7c39de5f, commitOnRelease=true, closeOnRelease=true, closeOnTxnEnd=true]"
16:59:41,099 (JavaFX Application Thread) DEBUG [DataNucleus.Connection] - ManagedConnection CERRADO : "org.datanucleus.store.rdbms.ConnectionFactoryImpl$ManagedConnectionImpl@2bece79e [conn=org.datanucleus.store.rdbms.datasource.dbcp2.PoolingDataSource$PoolGuardConnectionWrapper@7c39de5f, commitOnRelease=true, closeOnRelease=true, closeOnTxnEnd=true]" 
16:59:42,514 (JavaFX Application Thread) DEBUG [DataNucleus.Persistence] - ExecutionContext "org.datanucleus.ExecutionContextImpl@175d67bd" se abrió para la base de datos "org.datanucleus.store.rdbms.RDBMSStoreManager@34b36e45" con transaccion="org.datanucleus.TransactionImpl@7c96bebd"
16:59:42,515 (JavaFX Application Thread) DEBUG [DataNucleus.Query] - Query de SQL : "SELECT * FROM CLIENTE"
16:59:42,516 (JavaFX Application Thread) DEBUG [DataNucleus.Connection] - ManagedConnection ABIERTO : "org.datanucleus.store.rdbms.ConnectionFactoryImpl$ManagedConnectionImpl@6b0942c8 [conn=org.datanucleus.store.rdbms.datasource.dbcp2.PoolingDataSource$PoolGuardConnectionWrapper@1795a09b, commitOnRelease=true, closeOnRelease=true, closeOnTxnEnd=true]" en resource "nontx" con isolación "read-committed" y auto-commit=false
16:59:42,516 (JavaFX Application Thread) DEBUG [DataNucleus.Datastore] - Utilizando PreparedStatement "oracle.jdbc.driver.OraclePreparedStatementWrapper@5ebf8782" para la conneccion "org.datanucleus.store.rdbms.datasource.dbcp2.PoolingDataSource$PoolGuardConnectionWrapper@1795a09b"
16:59:42,517 (JavaFX Application Thread) DEBUG [DataNucleus.Datastore.Native] - SELECT * FROM CLIENTE
16:59:42,519 (JavaFX Application Thread) DEBUG [DataNucleus.Datastore.Retrieve] - SQL Tiempo de cumplir = 2 ms
16:59:42,519 (JavaFX Application Thread) DEBUG [DataNucleus.Connection] - ManagedConnection VA A COMMIT : "org.datanucleus.store.rdbms.ConnectionFactoryImpl$ManagedConnectionImpl@6b0942c8 [conn=org.datanucleus.store.rdbms.datasource.dbcp2.PoolingDataSource$PoolGuardConnectionWrapper@1795a09b, commitOnRelease=true, closeOnRelease=true, closeOnTxnEnd=true]"
16:59:42,520 (JavaFX Application Thread) DEBUG [DataNucleus.Query] - Leyendo los resultados del query "org.datanucleus.store.rdbms.query.SQLQuery@e9f0df3e" como la conneccion va a cerrar o cometer
16:59:42,523 (JavaFX Application Thread) DEBUG [DataNucleus.Connection] - ManagedConnection CERRADO : "org.datanucleus.store.rdbms.ConnectionFactoryImpl$ManagedConnectionImpl@6b0942c8 [conn=org.datanucleus.store.rdbms.datasource.dbcp2.PoolingDataSource$PoolGuardConnectionWrapper@1795a09b, commitOnRelease=true, closeOnRelease=true, closeOnTxnEnd=true]" 
16:59:43,387 (JavaFX Application Thread) DEBUG [DataNucleus.Persistence] - ExecutionContext "org.datanucleus.ExecutionContextImpl@9de4831" se abrió para la base de datos "org.datanucleus.store.rdbms.RDBMSStoreManager@34b36e45" con transaccion="org.datanucleus.TransactionImpl@7ab9822c"
16:59:43,388 (JavaFX Application Thread) DEBUG [DataNucleus.Query] - Query de SQL : "SELECT * FROM PRODUCTO"
16:59:43,389 (JavaFX Application Thread) DEBUG [DataNucleus.Connection] - ManagedConnection ABIERTO : "org.datanucleus.store.rdbms.ConnectionFactoryImpl$ManagedConnectionImpl@506875a0 [conn=org.datanucleus.store.rdbms.datasource.dbcp2.PoolingDataSource$PoolGuardConnectionWrapper@2b0c205c, commitOnRelease=true, closeOnRelease=true, closeOnTxnEnd=true]" en resource "nontx" con isolación "read-committed" y auto-commit=false
16:59:43,390 (JavaFX Application Thread) DEBUG [DataNucleus.Datastore] - Utilizando PreparedStatement "oracle.jdbc.driver.OraclePreparedStatementWrapper@1d127ff3" para la conneccion "org.datanucleus.store.rdbms.datasource.dbcp2.PoolingDataSource$PoolGuardConnectionWrapper@2b0c205c"
16:59:43,390 (JavaFX Application Thread) DEBUG [DataNucleus.Datastore.Native] - SELECT * FROM PRODUCTO
16:59:43,392 (JavaFX Application Thread) DEBUG [DataNucleus.Datastore.Retrieve] - SQL Tiempo de cumplir = 2 ms
16:59:43,392 (JavaFX Application Thread) DEBUG [DataNucleus.Connection] - ManagedConnection VA A COMMIT : "org.datanucleus.store.rdbms.ConnectionFactoryImpl$ManagedConnectionImpl@506875a0 [conn=org.datanucleus.store.rdbms.datasource.dbcp2.PoolingDataSource$PoolGuardConnectionWrapper@2b0c205c, commitOnRelease=true, closeOnRelease=true, closeOnTxnEnd=true]"
16:59:43,393 (JavaFX Application Thread) DEBUG [DataNucleus.Connection] - ManagedConnection CERRADO : "org.datanucleus.store.rdbms.ConnectionFactoryImpl$ManagedConnectionImpl@506875a0 [conn=org.datanucleus.store.rdbms.datasource.dbcp2.PoolingDataSource$PoolGuardConnectionWrapper@2b0c205c, commitOnRelease=true, closeOnRelease=true, closeOnTxnEnd=true]" 
16:59:43,934 (JavaFX Application Thread) DEBUG [DataNucleus.Persistence] - ExecutionContext "org.datanucleus.ExecutionContextImpl@2a0357ed" se abrió para la base de datos "org.datanucleus.store.rdbms.RDBMSStoreManager@34b36e45" con transaccion="org.datanucleus.TransactionImpl@677a4821"
16:59:43,935 (JavaFX Application Thread) DEBUG [DataNucleus.Query] - Query de SQL : "SELECT * FROM SUCURSAL"
16:59:43,935 (JavaFX Application Thread) DEBUG [DataNucleus.Connection] - ManagedConnection ABIERTO : "org.datanucleus.store.rdbms.ConnectionFactoryImpl$ManagedConnectionImpl@790e0cfe [conn=org.datanucleus.store.rdbms.datasource.dbcp2.PoolingDataSource$PoolGuardConnectionWrapper@4902900d, commitOnRelease=true, closeOnRelease=true, closeOnTxnEnd=true]" en resource "nontx" con isolación "read-committed" y auto-commit=false
16:59:43,936 (JavaFX Application Thread) DEBUG [DataNucleus.Datastore] - Utilizando PreparedStatement "oracle.jdbc.driver.OraclePreparedStatementWrapper@7c0ce24c" para la conneccion "org.datanucleus.store.rdbms.datasource.dbcp2.PoolingDataSource$PoolGuardConnectionWrapper@4902900d"
16:59:43,936 (JavaFX Application Thread) DEBUG [DataNucleus.Datastore.Native] - SELECT * FROM SUCURSAL
16:59:43,938 (JavaFX Application Thread) DEBUG [DataNucleus.Datastore.Retrieve] - SQL Tiempo de cumplir = 2 ms
16:59:43,938 (JavaFX Application Thread) DEBUG [DataNucleus.Connection] - ManagedConnection VA A COMMIT : "org.datanucleus.store.rdbms.ConnectionFactoryImpl$ManagedConnectionImpl@790e0cfe [conn=org.datanucleus.store.rdbms.datasource.dbcp2.PoolingDataSource$PoolGuardConnectionWrapper@4902900d, commitOnRelease=true, closeOnRelease=true, closeOnTxnEnd=true]"
16:59:43,939 (JavaFX Application Thread) DEBUG [DataNucleus.Query] - Leyendo los resultados del query "org.datanucleus.store.rdbms.query.SQLQuery@a4fc1d9c" como la conneccion va a cerrar o cometer
16:59:43,940 (JavaFX Application Thread) DEBUG [DataNucleus.Connection] - ManagedConnection CERRADO : "org.datanucleus.store.rdbms.ConnectionFactoryImpl$ManagedConnectionImpl@790e0cfe [conn=org.datanucleus.store.rdbms.datasource.dbcp2.PoolingDataSource$PoolGuardConnectionWrapper@4902900d, commitOnRelease=true, closeOnRelease=true, closeOnTxnEnd=true]" 
16:59:44,450 (JavaFX Application Thread) DEBUG [DataNucleus.Persistence] - ExecutionContext "org.datanucleus.ExecutionContextImpl@14eb7871" se abrió para la base de datos "org.datanucleus.store.rdbms.RDBMSStoreManager@34b36e45" con transaccion="org.datanucleus.TransactionImpl@6a160a16"
16:59:44,451 (JavaFX Application Thread) DEBUG [DataNucleus.Query] - Query de SQL : "SELECT * FROM PROMOCION"
16:59:44,452 (JavaFX Application Thread) DEBUG [DataNucleus.Connection] - ManagedConnection ABIERTO : "org.datanucleus.store.rdbms.ConnectionFactoryImpl$ManagedConnectionImpl@2073d1ff [conn=org.datanucleus.store.rdbms.datasource.dbcp2.PoolingDataSource$PoolGuardConnectionWrapper@6f140d70, commitOnRelease=true, closeOnRelease=true, closeOnTxnEnd=true]" en resource "nontx" con isolación "read-committed" y auto-commit=false
16:59:44,452 (JavaFX Application Thread) DEBUG [DataNucleus.Datastore] - Utilizando PreparedStatement "oracle.jdbc.driver.OraclePreparedStatementWrapper@3508fc3e" para la conneccion "org.datanucleus.store.rdbms.datasource.dbcp2.PoolingDataSource$PoolGuardConnectionWrapper@6f140d70"
16:59:44,453 (JavaFX Application Thread) DEBUG [DataNucleus.Datastore.Native] - SELECT * FROM PROMOCION
16:59:44,457 (JavaFX Application Thread) DEBUG [DataNucleus.Datastore.Retrieve] - SQL Tiempo de cumplir = 4 ms
16:59:44,458 (JavaFX Application Thread) DEBUG [DataNucleus.Connection] - ManagedConnection VA A COMMIT : "org.datanucleus.store.rdbms.ConnectionFactoryImpl$ManagedConnectionImpl@2073d1ff [conn=org.datanucleus.store.rdbms.datasource.dbcp2.PoolingDataSource$PoolGuardConnectionWrapper@6f140d70, commitOnRelease=true, closeOnRelease=true, closeOnTxnEnd=true]"
16:59:44,459 (JavaFX Application Thread) DEBUG [DataNucleus.Connection] - ManagedConnection CERRADO : "org.datanucleus.store.rdbms.ConnectionFactoryImpl$ManagedConnectionImpl@2073d1ff [conn=org.datanucleus.store.rdbms.datasource.dbcp2.PoolingDataSource$PoolGuardConnectionWrapper@6f140d70, commitOnRelease=true, closeOnRelease=true, closeOnTxnEnd=true]" 
